     0.000     5.000
     0.500     5.350
     1.000     5.700
     1.500     5.728
     2.000     5.756
     2.500     5.783
     3.000     5.811
     3.500     5.839
     4.000     5.867
     4.500     5.894
     5.000     5.922
     5.500     5.950
     6.000     5.978
     6.500     6.006
     7.000     6.033
     7.500     6.061
     8.000     6.089
     8.500     6.117
     9.000     6.144
     9.500     6.172
    10.000     6.200
    10.500     6.200
    11.000     6.200
    11.500     6.200
    12.000     6.200
